# JRE version: OpenJDK Runtime Environment Temurin-20.0.2+9 (20.0.2+9) (build 20.0.2+9)
# Java VM: OpenJDK 64-Bit Server VM Temurin-20.0.2+9 (20.0.2+9, mixed mode, tiered, compressed oops, compressed class ptrs, g1 gc, windows-amd64)
GC Precious Log:
 CardTable entry size: 512
 Card Set container configuration: InlinePtr #cards 5 size 8 Array Of Cards #cards 12 size 40 Howl #buckets 4 coarsen threshold 1843 Howl Bitmap #cards 512 size 80 coarsen threshold 460 Card regions per heap region 1 cards per card region 2048
 CPUs: 4 total, 4 available
 Memory: 8120M
 Large Page Support: Disabled
 NUMA Support: Disabled
 Compressed Oops: Enabled (32-bit)
 Heap Region Size: 1M
 Heap Min Capacity: 8M
 Heap Initial Capacity: 128M
 Heap Max Capacity: 2032M
 Pre-touch: Disabled
 Parallel Workers: 4
 Concurrent Workers: 1
 Concurrent Refinement Workers: 4
 Periodic GC: Disabled
Heap:
 garbage-first heap   total 92160K, used 81058K [0x0000000081000000, 0x0000000100000000)
  region size 1024K, 34 young (34816K), 1 survivors (1024K)
 Metaspace       used 69034K, committed 69952K, reserved 1114112K
  class space    used 7799K, committed 8192K, reserved 1048576K
GC Heap History (20 events):
Event: 4536.527 GC heap after
{Heap after GC invocations=67 (full 7):
 garbage-first heap   total 87040K, used 35628K [0x0000000081000000, 0x0000000100000000)
  region size 1024K, 4 young (4096K), 4 survivors (4096K)
 Metaspace       used 67726K, committed 68480K, reserved 1114112K
  class space    used 7728K, committed 8064K, reserved 1048576K
}
Event: 4550.138 GC heap before
{Heap before GC invocations=68 (full 7):
 garbage-first heap   total 87040K, used 74540K [0x0000000081000000, 0x0000000100000000)
  region size 1024K, 42 young (43008K), 4 survivors (4096K)
 Metaspace       used 68022K, committed 68864K, reserved 1114112K
  class space    used 7742K, committed 8128K, reserved 1048576K
}
Event: 4550.285 GC heap after
{Heap after GC invocations=69 (full 8):
 garbage-first heap   total 87040K, used 34405K [0x0000000081000000, 0x0000000100000000)
  region size 1024K, 0 young (0K), 0 survivors (0K)
 Metaspace       used 68022K, committed 68864K, reserved 1114112K
  class space    used 7742K, committed 8128K, reserved 1048576K
}
Event: 4551.151 GC heap before
{Heap before GC invocations=69 (full 8):
 garbage-first heap   total 87040K, used 76389K [0x0000000081000000, 0x0000000100000000)
  region size 1024K, 42 young (43008K), 0 survivors (0K)
 Metaspace       used 68131K, committed 68928K, reserved 1114112K
  class space    used 7749K, committed 8128K, reserved 1048576K
}
Event: 4551.158 GC heap after
{Heap after GC invocations=70 (full 8):
 garbage-first heap   total 87040K, used 38190K [0x0000000081000000, 0x0000000100000000)
  region size 1024K, 4 young (4096K), 4 survivors (4096K)
 Metaspace       used 68131K, committed 68928K, reserved 1114112K
  class space    used 7749K, committed 8128K, reserved 1048576K
}
Event: 4552.207 GC heap before
{Heap before GC invocations=71 (full 8):
 garbage-first heap   total 87040K, used 76078K [0x0000000081000000, 0x0000000100000000)
  region size 1024K, 40 young (40960K), 4 survivors (4096K)
 Metaspace       used 68358K, committed 69184K, reserved 1114112K
  class space    used 7765K, committed 8128K, reserved 1048576K
}
Event: 4552.216 GC heap after
{Heap after GC invocations=72 (full 8):
 garbage-first heap   total 87040K, used 40170K [0x0000000081000000, 0x0000000100000000)
  region size 1024K, 3 young (3072K), 3 survivors (3072K)
 Metaspace       used 68358K, committed 69184K, reserved 1114112K
  class space    used 7765K, committed 8128K, reserved 1048576K
}
Event: 4822.851 GC heap before
{Heap before GC invocations=72 (full 8):
 garbage-first heap   total 87040K, used 74986K [0x0000000081000000, 0x0000000100000000)
  region size 1024K, 37 young (37888K), 3 survivors (3072K)
 Metaspace       used 68486K, committed 69312K, reserved 1114112K
  class space    used 7765K, committed 8128K, reserved 1048576K
}
Event: 4822.865 GC heap after
{Heap after GC invocations=73 (full 8):
 garbage-first heap   total 87040K, used 40410K [0x0000000081000000, 0x0000000100000000)
  region size 1024K, 3 young (3072K), 3 survivors (3072K)
 Metaspace       used 68486K, committed 69312K, reserved 1114112K
  class space    used 7765K, committed 8128K, reserved 1048576K
}
Event: 4840.280 GC heap before
{Heap before GC invocations=73 (full 8):
 garbage-first heap   total 87040K, used 43482K [0x0000000081000000, 0x0000000100000000)
  region size 1024K, 7 young (7168K), 3 survivors (3072K)
 Metaspace       used 68496K, committed 69312K, reserved 1114112K
  class space    used 7766K, committed 8128K, reserved 1048576K
}
Event: 4840.433 GC heap after
{Heap after GC invocations=74 (full 9):
 garbage-first heap   total 87040K, used 37302K [0x0000000081000000, 0x0000000100000000)
  region size 1024K, 0 young (0K), 0 survivors (0K)
 Metaspace       used 68496K, committed 69312K, reserved 1114112K
  class space    used 7766K, committed 8128K, reserved 1048576K
}
Event: 4841.311 GC heap before
{Heap before GC invocations=74 (full 9):
 garbage-first heap   total 87040K, used 78262K [0x0000000081000000, 0x0000000100000000)
  region size 1024K, 40 young (40960K), 0 survivors (0K)
 Metaspace       used 68589K, committed 69440K, reserved 1114112K
  class space    used 7772K, committed 8128K, reserved 1048576K
}
Event: 4841.316 GC heap after
{Heap after GC invocations=75 (full 9):
 garbage-first heap   total 87040K, used 40852K [0x0000000081000000, 0x0000000100000000)
  region size 1024K, 4 young (4096K), 4 survivors (4096K)
 Metaspace       used 68589K, committed 69440K, reserved 1114112K
  class space    used 7772K, committed 8128K, reserved 1048576K
}
Event: 4857.183 GC heap before
{Heap before GC invocations=76 (full 9):
 garbage-first heap   total 89088K, used 75668K [0x0000000081000000, 0x0000000100000000)
  region size 1024K, 38 young (38912K), 4 survivors (4096K)
 Metaspace       used 68823K, committed 69632K, reserved 1114112K
  class space    used 7786K, committed 8192K, reserved 1048576K
}
Event: 4857.192 GC heap after
{Heap after GC invocations=77 (full 9):
 garbage-first heap   total 89088K, used 43286K [0x0000000081000000, 0x0000000100000000)
  region size 1024K, 4 young (4096K), 4 survivors (4096K)
 Metaspace       used 68823K, committed 69632K, reserved 1114112K
  class space    used 7786K, committed 8192K, reserved 1048576K
}
Event: 4857.704 GC heap before
{Heap before GC invocations=77 (full 9):
 garbage-first heap   total 89088K, used 77078K [0x0000000081000000, 0x0000000100000000)
  region size 1024K, 37 young (37888K), 4 survivors (4096K)
 Metaspace       used 68851K, committed 69760K, reserved 1114112K
  class space    used 7787K, committed 8192K, reserved 1048576K
}
Event: 4857.713 GC heap after
{Heap after GC invocations=78 (full 9):
 garbage-first heap   total 89088K, used 46382K [0x0000000081000000, 0x0000000100000000)
  region size 1024K, 4 young (4096K), 4 survivors (4096K)
 Metaspace       used 68851K, committed 69760K, reserved 1114112K
  class space    used 7787K, committed 8192K, reserved 1048576K
}
Event: 4857.802 GC heap before
{Heap before GC invocations=78 (full 9):
 garbage-first heap   total 89088K, used 49454K [0x0000000081000000, 0x0000000100000000)
  region size 1024K, 8 young (8192K), 4 survivors (4096K)
 Metaspace       used 68853K, committed 69760K, reserved 1114112K
  class space    used 7787K, committed 8192K, reserved 1048576K
}
Event: 4857.806 GC heap after
{Heap after GC invocations=79 (full 9):
 garbage-first heap   total 89088K, used 46242K [0x0000000081000000, 0x0000000100000000)
  region size 1024K, 2 young (2048K), 2 survivors (2048K)
 Metaspace       used 68853K, committed 69760K, reserved 1114112K
  class space    used 7787K, committed 8192K, reserved 1048576K
}
Event: 5093.503 GC heap before
{Heap before GC invocations=80 (full 9):
 garbage-first heap   total 92160K, used 81058K [0x0000000081000000, 0x0000000100000000)
  region size 1024K, 35 young (35840K), 2 survivors (2048K)
 Metaspace       used 69034K, committed 69952K, reserved 1114112K
  class space    used 7799K, committed 8192K, reserved 1048576K
}

